<?xml version="1.0" encoding="UTF-8"?>
<!-- Generated by org.testng.reporters.JUnitReportReporter -->
<testsuite hostname="ARUSHI" failures="0" tests="1" name="practice1_jenkins" time="0.029" errors="0" timestamp="2023-12-16T12:17:33 IST" skipped="0">
  <testcase classname="practice1_jenkins" name="jenkinsTEST" time="0.029"/>
</testsuite> <!-- practice1_jenkins -->
